<?xml version="1.0" encoding="UTF-8"?>
<!-- Generated by org.testng.reporters.JUnitReportReporter -->
<testsuite hostname="LAPTOP-ACVS1TDR" failures="0" tests="2" name="com.fb.A" time="0.013" errors="0" timestamp="18 Jan 2022 08:55:18 GMT" skipped="1">
  <testcase classname="com.fb.A" name="test11" time="0.013"/>
  <testcase classname="com.fb.A" name="test12">
    <skipped/>
  </testcase> <!-- test12 -->
</testsuite> <!-- com.fb.A -->
