<?xml version="1.0" encoding="UTF-8"?>
<!-- Generated by org.testng.reporters.JUnitReportReporter -->
<testsuite hostname="LAPTOP-ACVS1TDR" failures="0" tests="2" name="com.test.Facebook" time="0.005" errors="0" timestamp="18 Jan 2022 11:15:53 GMT" skipped="0">
  <testcase classname="com.test.Facebook" name="login2" time="0.002"/>
  <testcase classname="com.test.Facebook" name="login" time="0.003"/>
</testsuite> <!-- com.test.Facebook -->
