<?xml version="1.0" encoding="UTF-8"?>
<!-- Generated by org.testng.reporters.JUnitReportReporter -->
<testsuite hostname="LAPTOP-ACVS1TDR" failures="0" tests="7" name="com.test.TestPri" time="0.012" errors="0" timestamp="18 Jan 2022 11:15:53 GMT" skipped="0">
  <testcase classname="com.test.TestPri" name="test4" time="0.005"/>
  <testcase classname="com.test.TestPri" name="test5" time="0.002"/>
  <testcase classname="com.test.TestPri" name="test7" time="0.001"/>
  <testcase classname="com.test.TestPri" name="test6" time="0.001"/>
  <testcase classname="com.test.TestPri" name="test1" time="0.000"/>
  <testcase classname="com.test.TestPri" name="test3" time="0.002"/>
  <testcase classname="com.test.TestPri" name="test2" time="0.001"/>
</testsuite> <!-- com.test.TestPri -->
