<?xml version="1.0" encoding="UTF-8"?>
<!-- Generated by org.testng.reporters.JUnitReportReporter -->
<testsuite hostname="LAPTOP-ACVS1TDR" failures="0" tests="2" name="com.fb.C" time="0.005" errors="0" timestamp="18 Jan 2022 08:55:18 GMT" skipped="0">
  <testcase classname="com.fb.C" name="test15" time="0.003"/>
  <testcase classname="com.fb.C" name="test16" time="0.002"/>
</testsuite> <!-- com.fb.C -->
