<?xml version="1.0" encoding="UTF-8"?>
<!-- Generated by org.testng.reporters.JUnitReportReporter -->
<testsuite hostname="LAPTOP-ACVS1TDR" failures="0" tests="3" name="com.para.Fb" time="13.978" errors="0" timestamp="18 Jan 2022 19:54:55 GMT" skipped="0">
  <testcase classname="com.para.Fb" name="test1" time="6.217"/>
  <testcase classname="com.para.Fb" name="test1" time="4.015"/>
  <testcase classname="com.para.Fb" name="test1" time="3.746"/>
</testsuite> <!-- com.para.Fb -->
