<?xml version="1.0" encoding="UTF-8"?>
<!-- Generated by org.testng.reporters.JUnitReportReporter -->
<testsuite hostname="LAPTOP-ACVS1TDR" failures="0" tests="2" name="com.fb.B" time="0.003" errors="0" timestamp="18 Jan 2022 08:55:18 GMT" skipped="0">
  <testcase classname="com.fb.B" name="test14" time="0.002"/>
  <testcase classname="com.fb.B" name="test13" time="0.001"/>
</testsuite> <!-- com.fb.B -->
