<?xml version="1.0" encoding="UTF-8"?>
<!-- Generated by org.testng.reporters.JUnitReportReporter -->
<testsuite hostname="LAPTOP-ACVS1TDR" failures="0" tests="6" name="com.includeandexclude.G" time="0.010" errors="0" timestamp="18 Jan 2022 11:15:53 GMT" skipped="0">
  <testcase classname="com.includeandexclude.G" name="case7" time="0.003"/>
  <testcase classname="com.includeandexclude.G" name="case12" time="0.001"/>
  <testcase classname="com.includeandexclude.G" name="case10" time="0.002"/>
  <testcase classname="com.includeandexclude.G" name="case9" time="0.001"/>
  <testcase classname="com.includeandexclude.G" name="case11" time="0.002"/>
  <testcase classname="com.includeandexclude.G" name="case8" time="0.001"/>
</testsuite> <!-- com.includeandexclude.G -->
