<?xml version="1.0" encoding="UTF-8"?>
<!-- Generated by org.testng.reporters.JUnitReportReporter -->
<testsuite hostname="LAPTOP-ACVS1TDR" failures="0" tests="6" name="com.includeandexclude.H" time="0.008" errors="0" timestamp="18 Jan 2022 11:15:53 GMT" skipped="0">
  <testcase classname="com.includeandexclude.H" name="case2" time="0.003"/>
  <testcase classname="com.includeandexclude.H" name="case1" time="0.001"/>
  <testcase classname="com.includeandexclude.H" name="case5" time="0.001"/>
  <testcase classname="com.includeandexclude.H" name="case3" time="0.001"/>
  <testcase classname="com.includeandexclude.H" name="case4" time="0.001"/>
  <testcase classname="com.includeandexclude.H" name="case6" time="0.001"/>
</testsuite> <!-- com.includeandexclude.H -->
