<?xml version="1.0" encoding="UTF-8"?>
<!-- Generated by org.testng.reporters.JUnitReportReporter -->
<testsuite hostname="LAPTOP-ACVS1TDR" failures="0" tests="1" name="com.fbError.D" time="0.001" errors="0" timestamp="18 Jan 2022 08:45:30 GMT" skipped="0">
  <testcase classname="com.fbError.D" name="testCase2" time="0.001"/>
</testsuite> <!-- com.fbError.D -->
