<?xml version="1.0" encoding="UTF-8"?>
<!-- Generated by org.testng.reporters.JUnitReportReporter -->
<testsuite hostname="LAPTOP-ACVS1TDR" failures="0" tests="1" name="com.test.TestInc" time="0.002" errors="0" timestamp="18 Jan 2022 11:15:53 GMT" skipped="0">
  <testcase classname="com.test.TestInc" name="m1" time="0.002"/>
</testsuite> <!-- com.test.TestInc -->
